{"level":"\u001b[32minfo\u001b[39m","message":"this is an ifor message for userlogin","timestamp":"2024-09-27T08:47:36.175Z"}
{"level":"\u001b[32minfo\u001b[39m","message":"{\"method\":\"POST\",\"url\":\"/api/user/login\",\"status\":\"200\",\"responseTime\":\"62.333\"}","timestamp":"2024-09-27T08:47:36.238Z"}
{"level":"\u001b[32minfo\u001b[39m","message":"{\"method\":\"GET\",\"url\":\"/api/user/logout\",\"status\":\"304\",\"responseTime\":\"6.397\"}","timestamp":"2024-09-27T08:48:16.996Z"}
{"level":"\u001b[32minfo\u001b[39m","message":"{\"method\":\"POST\",\"url\":\"/api/user/login\",\"status\":\"200\",\"responseTime\":\"50.413\"}","timestamp":"2024-09-27T08:48:30.192Z"}
{"level":"\u001b[32minfo\u001b[39m","message":"{\"method\":\"GET\",\"url\":\"/api/user/logout\",\"status\":\"304\",\"responseTime\":\"4.951\"}","timestamp":"2024-09-27T09:18:48.672Z"}
{"level":"\u001b[32minfo\u001b[39m","message":"{\"method\":\"POST\",\"url\":\"/api/user/login\",\"status\":\"200\",\"responseTime\":\"55.095\"}","timestamp":"2024-09-27T09:18:56.260Z"}
{"level":"\u001b[32minfo\u001b[39m","message":"{\"method\":\"GET\",\"url\":\"/api/user/logout\",\"status\":\"304\",\"responseTime\":\"0.501\"}","timestamp":"2024-09-27T09:19:01.053Z"}
{"level":"\u001b[32minfo\u001b[39m","message":"{\"method\":\"POST\",\"url\":\"/api/user/login\",\"status\":\"200\",\"responseTime\":\"59.999\"}","timestamp":"2024-09-27T15:14:43.411Z"}
{"level":"\u001b[32minfo\u001b[39m","message":"{\"method\":\"GET\",\"url\":\"/api/user/logout\",\"status\":\"304\",\"responseTime\":\"1.610\"}","timestamp":"2024-09-27T15:14:58.639Z"}
{"level":"\u001b[32minfo\u001b[39m","message":"{\"method\":\"POST\",\"url\":\"/api/mech/login\",\"status\":\"200\",\"responseTime\":\"45.235\"}","timestamp":"2024-09-27T15:15:28.560Z"}
{"level":"\u001b[32minfo\u001b[39m","message":"{\"method\":\"GET\",\"url\":\"/api/mech/logout\",\"status\":\"304\",\"responseTime\":\"1.263\"}","timestamp":"2024-09-27T15:15:33.898Z"}
{"level":"\u001b[32minfo\u001b[39m","message":"{\"method\":\"POST\",\"url\":\"/api/admin/login\",\"status\":\"200\",\"responseTime\":\"45.490\"}","timestamp":"2024-09-27T15:15:50.889Z"}
{"level":"\u001b[32minfo\u001b[39m","message":"{\"method\":\"GET\",\"url\":\"/api/admin/logout\",\"status\":\"304\",\"responseTime\":\"0.608\"}","timestamp":"2024-09-27T15:15:55.795Z"}
{"level":"\u001b[32minfo\u001b[39m","message":"{\"method\":\"POST\",\"url\":\"/api/mech/login\",\"status\":\"200\",\"responseTime\":\"55.335\"}","timestamp":"2024-09-29T06:01:56.935Z"}
{"level":"\u001b[32minfo\u001b[39m","message":"{\"method\":\"GET\",\"url\":\"/api/mech/logout\",\"status\":\"200\",\"responseTime\":\"1.046\"}","timestamp":"2024-09-29T06:02:02.603Z"}
{"level":"\u001b[32minfo\u001b[39m","message":"{\"method\":\"POST\",\"url\":\"/api/user/login\",\"status\":\"200\",\"responseTime\":\"40.290\"}","timestamp":"2024-09-29T06:02:51.085Z"}
{"level":"\u001b[32minfo\u001b[39m","message":"{\"method\":\"GET\",\"url\":\"/api/user/logout\",\"status\":\"200\",\"responseTime\":\"0.944\"}","timestamp":"2024-09-29T06:03:40.915Z"}
{"level":"\u001b[32minfo\u001b[39m","message":"{\"method\":\"POST\",\"url\":\"/api/user/registration\",\"status\":\"200\",\"responseTime\":\"65.800\"}","timestamp":"2024-09-29T06:04:14.793Z"}
{"level":"\u001b[32minfo\u001b[39m","message":"{\"method\":\"POST\",\"url\":\"/api/user/login\",\"status\":\"401\",\"responseTime\":\"38.025\"}","timestamp":"2024-09-29T06:04:25.187Z"}
{"level":"\u001b[32minfo\u001b[39m","message":"{\"method\":\"POST\",\"url\":\"/api/user/login\",\"status\":\"401\",\"responseTime\":\"36.689\"}","timestamp":"2024-09-29T06:04:33.316Z"}
{"level":"\u001b[32minfo\u001b[39m","message":"{\"method\":\"POST\",\"url\":\"/api/user/login\",\"status\":\"200\",\"responseTime\":\"39.161\"}","timestamp":"2024-09-29T06:04:46.572Z"}
{"level":"\u001b[32minfo\u001b[39m","message":"{\"method\":\"POST\",\"url\":\"/api/user/registration\",\"status\":\"200\",\"responseTime\":\"137.661\"}","timestamp":"2024-09-29T06:29:19.573Z"}
{"level":"\u001b[32minfo\u001b[39m","message":"{\"method\":\"POST\",\"url\":\"/api/user/login\",\"status\":\"200\",\"responseTime\":\"144.550\"}","timestamp":"2024-09-29T08:00:24.107Z"}
{"level":"\u001b[32minfo\u001b[39m","message":"{\"method\":\"POST\",\"url\":\"/api/user/login\",\"status\":\"401\",\"responseTime\":\"132.444\"}","timestamp":"2024-09-29T08:01:02.321Z"}
{"level":"\u001b[32minfo\u001b[39m","message":"{\"method\":\"POST\",\"url\":\"/api/user/login\",\"status\":\"401\",\"responseTime\":\"129.654\"}","timestamp":"2024-09-29T08:01:11.243Z"}
{"level":"\u001b[32minfo\u001b[39m","message":"{\"method\":\"POST\",\"url\":\"/api/user/login\",\"status\":\"200\",\"responseTime\":\"667.063\"}","timestamp":"2024-09-29T08:01:21.763Z"}
{"level":"\u001b[32minfo\u001b[39m","message":"{\"method\":\"GET\",\"url\":\"/api/user/logout\",\"status\":\"304\",\"responseTime\":\"1.381\"}","timestamp":"2024-09-29T08:01:24.483Z"}
{"level":"\u001b[32minfo\u001b[39m","message":"{\"method\":\"POST\",\"url\":\"/api/mech/login\",\"status\":\"401\",\"responseTime\":\"49.212\"}","timestamp":"2024-09-29T08:11:01.199Z"}
{"level":"\u001b[32minfo\u001b[39m","message":"{\"method\":\"POST\",\"url\":\"/api/mech/signup\",\"status\":\"200\",\"responseTime\":\"154.357\"}","timestamp":"2024-09-29T08:11:26.951Z"}
{"level":"\u001b[32minfo\u001b[39m","message":"{\"method\":\"POST\",\"url\":\"/api/mech/login\",\"status\":\"401\",\"responseTime\":\"41.192\"}","timestamp":"2024-09-29T08:12:51.958Z"}
{"level":"\u001b[32minfo\u001b[39m","message":"{\"method\":\"POST\",\"url\":\"/api/mech/login\",\"status\":\"401\",\"responseTime\":\"40.483\"}","timestamp":"2024-09-29T08:13:04.026Z"}
{"level":"\u001b[32minfo\u001b[39m","message":"{\"method\":\"POST\",\"url\":\"/api/mech/login\",\"status\":\"401\",\"responseTime\":\"50.107\"}","timestamp":"2024-09-29T08:15:45.585Z"}
{"level":"\u001b[32minfo\u001b[39m","message":"{\"method\":\"POST\",\"url\":\"/api/mech/login\",\"status\":\"200\",\"responseTime\":\"133.627\"}","timestamp":"2024-09-29T08:16:27.688Z"}
{"level":"\u001b[32minfo\u001b[39m","message":"{\"method\":\"GET\",\"url\":\"/api/mech/logout\",\"status\":\"304\",\"responseTime\":\"0.917\"}","timestamp":"2024-09-29T08:16:40.473Z"}
{"level":"\u001b[32minfo\u001b[39m","message":"{\"method\":\"POST\",\"url\":\"/api/user/login\",\"status\":\"-\",\"responseTime\":\"-\"}","timestamp":"2024-09-29T12:39:53.661Z"}
{"level":"\u001b[32minfo\u001b[39m","message":"{\"method\":\"POST\",\"url\":\"/api/user/login\",\"status\":\"-\",\"responseTime\":\"-\"}","timestamp":"2024-09-29T12:39:53.814Z"}
{"level":"\u001b[32minfo\u001b[39m","message":"{\"method\":\"POST\",\"url\":\"/api/user/login\",\"status\":\"-\",\"responseTime\":\"-\"}","timestamp":"2024-09-29T12:39:53.818Z"}
{"level":"\u001b[32minfo\u001b[39m","message":"{\"method\":\"POST\",\"url\":\"/api/user/login\",\"status\":\"401\",\"responseTime\":\"30017.978\"}","timestamp":"2024-09-29T12:40:33.644Z"}
{"level":"\u001b[32minfo\u001b[39m","message":"{\"method\":\"POST\",\"url\":\"/api/user/login\",\"status\":\"-\",\"responseTime\":\"-\"}","timestamp":"2024-09-29T12:41:08.131Z"}
{"level":"\u001b[32minfo\u001b[39m","message":"{\"method\":\"POST\",\"url\":\"/api/mech/login\",\"status\":\"-\",\"responseTime\":\"-\"}","timestamp":"2024-09-29T12:41:23.026Z"}
{"level":"\u001b[32minfo\u001b[39m","message":"{\"method\":\"POST\",\"url\":\"/api/mech/login\",\"status\":\"401\",\"responseTime\":\"147.535\"}","timestamp":"2024-09-29T12:43:32.844Z"}
{"level":"\u001b[32minfo\u001b[39m","message":"{\"method\":\"POST\",\"url\":\"/api/mech/login\",\"status\":\"401\",\"responseTime\":\"126.746\"}","timestamp":"2024-09-29T12:43:40.032Z"}
{"level":"\u001b[32minfo\u001b[39m","message":"{\"method\":\"POST\",\"url\":\"/api/user/login\",\"status\":\"401\",\"responseTime\":\"139.567\"}","timestamp":"2024-09-29T12:44:22.012Z"}
{"level":"\u001b[32minfo\u001b[39m","message":"{\"method\":\"POST\",\"url\":\"/api/user/login\",\"status\":\"401\",\"responseTime\":\"151.575\"}","timestamp":"2024-09-29T12:44:35.340Z"}
{"level":"\u001b[32minfo\u001b[39m","message":"{\"method\":\"POST\",\"url\":\"/api/user/login\",\"status\":\"401\",\"responseTime\":\"158.852\"}","timestamp":"2024-09-29T12:56:21.408Z"}
{"level":"\u001b[32minfo\u001b[39m","message":"{\"method\":\"POST\",\"url\":\"/api/mech/login\",\"status\":\"401\",\"responseTime\":\"37.842\"}","timestamp":"2024-09-29T12:56:38.787Z"}
{"level":"\u001b[32minfo\u001b[39m","message":"{\"method\":\"POST\",\"url\":\"/api/mech/login\",\"status\":\"401\",\"responseTime\":\"37.838\"}","timestamp":"2024-09-29T13:00:31.269Z"}
{"level":"\u001b[32minfo\u001b[39m","message":"{\"method\":\"POST\",\"url\":\"/api/user/login\",\"status\":\"401\",\"responseTime\":\"122.817\"}","timestamp":"2024-09-29T13:00:45.096Z"}
{"level":"\u001b[32minfo\u001b[39m","message":"{\"method\":\"POST\",\"url\":\"/api/user/login\",\"status\":\"401\",\"responseTime\":\"138.281\"}","timestamp":"2024-09-29T13:03:51.837Z"}
{"level":"\u001b[32minfo\u001b[39m","message":"{\"method\":\"POST\",\"url\":\"/api/user/login\",\"status\":\"401\",\"responseTime\":\"146.586\"}","timestamp":"2024-09-29T13:06:11.361Z"}
{"level":"\u001b[32minfo\u001b[39m","message":"{\"method\":\"POST\",\"url\":\"/api/user/login\",\"status\":\"401\",\"responseTime\":\"148.531\"}","timestamp":"2024-09-29T16:15:25.050Z"}
{"level":"\u001b[32minfo\u001b[39m","message":"{\"method\":\"POST\",\"url\":\"/api/user/login\",\"status\":\"200\",\"responseTime\":\"118.103\"}","timestamp":"2024-09-29T16:17:05.472Z"}
{"level":"\u001b[32minfo\u001b[39m","message":"{\"method\":\"GET\",\"url\":\"/api/user/logout\",\"status\":\"304\",\"responseTime\":\"3.989\"}","timestamp":"2024-09-29T16:19:03.185Z"}
{"level":"\u001b[32minfo\u001b[39m","message":"{\"method\":\"POST\",\"url\":\"/api/user/registration\",\"status\":\"200\",\"responseTime\":\"61.434\"}","timestamp":"2024-09-29T16:19:33.045Z"}
{"level":"\u001b[32minfo\u001b[39m","message":"{\"method\":\"POST\",\"url\":\"/api/user/login\",\"status\":\"401\",\"responseTime\":\"140.415\"}","timestamp":"2024-09-29T16:19:41.479Z"}
{"level":"\u001b[32minfo\u001b[39m","message":"{\"method\":\"POST\",\"url\":\"/api/user/login\",\"status\":\"200\",\"responseTime\":\"79.972\"}","timestamp":"2024-09-29T16:20:50.120Z"}
{"level":"\u001b[32minfo\u001b[39m","message":"{\"method\":\"GET\",\"url\":\"/api/user/logout\",\"status\":\"304\",\"responseTime\":\"1.094\"}","timestamp":"2024-09-29T16:21:02.736Z"}
{"level":"\u001b[32minfo\u001b[39m","message":"{\"method\":\"POST\",\"url\":\"/api/mech/signup\",\"status\":\"200\",\"responseTime\":\"131.701\"}","timestamp":"2024-09-29T16:22:16.115Z"}
{"level":"\u001b[32minfo\u001b[39m","message":"{\"method\":\"POST\",\"url\":\"/api/mech/login\",\"status\":\"401\",\"responseTime\":\"52.113\"}","timestamp":"2024-09-29T16:22:22.556Z"}
{"level":"\u001b[32minfo\u001b[39m","message":"{\"method\":\"POST\",\"url\":\"/api/mech/login\",\"status\":\"401\",\"responseTime\":\"45.777\"}","timestamp":"2024-09-29T16:22:24.429Z"}
{"level":"\u001b[32minfo\u001b[39m","message":"{\"method\":\"POST\",\"url\":\"/api/mech/signup\",\"status\":\"200\",\"responseTime\":\"60.503\"}","timestamp":"2024-09-29T16:23:48.803Z"}
{"level":"\u001b[32minfo\u001b[39m","message":"{\"method\":\"POST\",\"url\":\"/api/mech/login\",\"status\":\"200\",\"responseTime\":\"54.761\"}","timestamp":"2024-09-29T16:23:54.662Z"}
{"level":"\u001b[32minfo\u001b[39m","message":"{\"method\":\"GET\",\"url\":\"/api/mech/logout\",\"status\":\"304\",\"responseTime\":\"0.962\"}","timestamp":"2024-09-29T16:25:14.929Z"}
{"level":"\u001b[32minfo\u001b[39m","message":"{\"method\":\"GET\",\"url\":\"/api/user/resend-otp\",\"status\":\"404\",\"responseTime\":\"16.317\"}","timestamp":"2024-09-29T17:00:30.820Z"}
{"level":"\u001b[32minfo\u001b[39m","message":"{\"method\":\"GET\",\"url\":\"/api/user/resend-otp\",\"status\":\"404\",\"responseTime\":\"0.508\"}","timestamp":"2024-09-29T17:00:31.484Z"}
{"level":"\u001b[32minfo\u001b[39m","message":"{\"method\":\"GET\",\"url\":\"/api/user/resend-otp\",\"status\":\"404\",\"responseTime\":\"0.236\"}","timestamp":"2024-09-29T17:00:33.347Z"}
{"level":"\u001b[32minfo\u001b[39m","message":"{\"method\":\"GET\",\"url\":\"/api/user/resend-otp\",\"status\":\"404\",\"responseTime\":\"1.052\"}","timestamp":"2024-09-29T17:00:33.795Z"}
{"level":"\u001b[32minfo\u001b[39m","message":"{\"method\":\"GET\",\"url\":\"/api/user/resend-otp\",\"status\":\"404\",\"responseTime\":\"0.259\"}","timestamp":"2024-09-29T17:00:33.963Z"}
{"level":"\u001b[32minfo\u001b[39m","message":"{\"method\":\"GET\",\"url\":\"/api/user/resend-otp\",\"status\":\"404\",\"responseTime\":\"0.202\"}","timestamp":"2024-09-29T17:00:34.132Z"}
{"level":"\u001b[32minfo\u001b[39m","message":"{\"method\":\"GET\",\"url\":\"/api/user/resend-otp\",\"status\":\"404\",\"responseTime\":\"0.285\"}","timestamp":"2024-09-29T17:00:36.455Z"}
{"level":"\u001b[32minfo\u001b[39m","message":"{\"method\":\"GET\",\"url\":\"/api/user/resend-otp\",\"status\":\"404\",\"responseTime\":\"0.355\"}","timestamp":"2024-09-29T17:00:36.611Z"}
{"level":"\u001b[32minfo\u001b[39m","message":"{\"method\":\"GET\",\"url\":\"/api/user/resend-otp\",\"status\":\"404\",\"responseTime\":\"0.336\"}","timestamp":"2024-09-29T17:00:36.787Z"}
{"level":"\u001b[32minfo\u001b[39m","message":"{\"method\":\"GET\",\"url\":\"/api/user/resend-otp\",\"status\":\"404\",\"responseTime\":\"0.220\"}","timestamp":"2024-09-29T17:00:36.946Z"}
{"level":"\u001b[32minfo\u001b[39m","message":"{\"method\":\"GET\",\"url\":\"/api/user/resend-otp\",\"status\":\"404\",\"responseTime\":\"0.756\"}","timestamp":"2024-09-29T17:00:37.107Z"}
{"level":"\u001b[32minfo\u001b[39m","message":"{\"method\":\"GET\",\"url\":\"/api/user/resend-otp\",\"status\":\"404\",\"responseTime\":\"0.274\"}","timestamp":"2024-09-29T17:00:37.500Z"}
{"level":"\u001b[32minfo\u001b[39m","message":"{\"method\":\"GET\",\"url\":\"/api/user/resend-otp\",\"status\":\"404\",\"responseTime\":\"0.469\"}","timestamp":"2024-09-29T17:00:38.067Z"}
{"level":"\u001b[32minfo\u001b[39m","message":"{\"method\":\"GET\",\"url\":\"/api/user/resend-otp\",\"status\":\"404\",\"responseTime\":\"0.357\"}","timestamp":"2024-09-29T17:00:38.235Z"}
{"level":"\u001b[32minfo\u001b[39m","message":"{\"method\":\"GET\",\"url\":\"/api/user/resend-otp\",\"status\":\"404\",\"responseTime\":\"193.246\"}","timestamp":"2024-09-29T17:00:38.588Z"}
{"level":"\u001b[32minfo\u001b[39m","message":"{\"method\":\"GET\",\"url\":\"/api/user/resend-otp\",\"status\":\"404\",\"responseTime\":\"1.946\"}","timestamp":"2024-09-29T17:00:39.661Z"}
{"level":"\u001b[32minfo\u001b[39m","message":"{\"method\":\"POST\",\"url\":\"/api/user/veryfy-otp\",\"status\":\"404\",\"responseTime\":\"0.157\"}","timestamp":"2024-09-29T17:00:44.081Z"}
{"level":"\u001b[32minfo\u001b[39m","message":"{\"method\":\"POST\",\"url\":\"/api/user/veryfy-otp\",\"status\":\"404\",\"responseTime\":\"0.122\"}","timestamp":"2024-09-29T17:00:44.995Z"}
{"level":"\u001b[32minfo\u001b[39m","message":"{\"method\":\"POST\",\"url\":\"/api/user/veryfy-otp\",\"status\":\"404\",\"responseTime\":\"0.132\"}","timestamp":"2024-09-29T17:00:45.163Z"}
{"level":"\u001b[32minfo\u001b[39m","message":"{\"method\":\"POST\",\"url\":\"/api/user/veryfy-otp\",\"status\":\"404\",\"responseTime\":\"0.126\"}","timestamp":"2024-09-29T17:00:45.322Z"}
{"level":"\u001b[32minfo\u001b[39m","message":"{\"method\":\"GET\",\"url\":\"/api/user/resend-otp\",\"status\":\"404\",\"responseTime\":\"0.199\"}","timestamp":"2024-09-29T17:05:25.825Z"}
{"level":"\u001b[32minfo\u001b[39m","message":"{\"method\":\"GET\",\"url\":\"/api/user/resend-otp\",\"status\":\"404\",\"responseTime\":\"0.179\"}","timestamp":"2024-09-29T17:05:26.258Z"}
{"level":"\u001b[32minfo\u001b[39m","message":"{\"method\":\"GET\",\"url\":\"/api/user/resend-otp\",\"status\":\"404\",\"responseTime\":\"0.180\"}","timestamp":"2024-09-29T17:05:26.937Z"}
{"level":"\u001b[32minfo\u001b[39m","message":"{\"method\":\"GET\",\"url\":\"/api/user/resend-otp\",\"status\":\"404\",\"responseTime\":\"0.175\"}","timestamp":"2024-09-29T17:05:27.098Z"}
{"level":"\u001b[32minfo\u001b[39m","message":"{\"method\":\"GET\",\"url\":\"/api/user/resend-otp\",\"status\":\"404\",\"responseTime\":\"0.185\"}","timestamp":"2024-09-29T17:05:27.266Z"}
{"level":"\u001b[32minfo\u001b[39m","message":"{\"method\":\"GET\",\"url\":\"/api/user/resend-otp\",\"status\":\"404\",\"responseTime\":\"0.179\"}","timestamp":"2024-09-29T17:05:27.417Z"}
{"level":"\u001b[32minfo\u001b[39m","message":"{\"method\":\"GET\",\"url\":\"/api/user/resend-otp\",\"status\":\"404\",\"responseTime\":\"0.762\"}","timestamp":"2024-09-29T17:05:29.516Z"}
{"level":"\u001b[32minfo\u001b[39m","message":"{\"method\":\"GET\",\"url\":\"/api/user/resend-otp\",\"status\":\"404\",\"responseTime\":\"0.259\"}","timestamp":"2024-09-29T17:05:29.691Z"}
{"level":"\u001b[32minfo\u001b[39m","message":"{\"method\":\"POST\",\"url\":\"/api/user/veryfy-otp\",\"status\":\"404\",\"responseTime\":\"0.098\"}","timestamp":"2024-09-29T17:05:30.228Z"}
{"level":"\u001b[32minfo\u001b[39m","message":"{\"method\":\"GET\",\"url\":\"/api/user/resend-otp\",\"status\":\"404\",\"responseTime\":\"0.172\"}","timestamp":"2024-09-29T17:05:31.530Z"}
{"level":"\u001b[32minfo\u001b[39m","message":"{\"method\":\"GET\",\"url\":\"/api/user/resend-otp\",\"status\":\"404\",\"responseTime\":\"0.197\"}","timestamp":"2024-09-29T17:05:32.202Z"}
{"level":"\u001b[32minfo\u001b[39m","message":"{\"method\":\"GET\",\"url\":\"/api/user/resend-otp\",\"status\":\"404\",\"responseTime\":\"0.183\"}","timestamp":"2024-09-29T17:05:52.667Z"}
{"level":"\u001b[32minfo\u001b[39m","message":"{\"method\":\"GET\",\"url\":\"/api/user/resend-otp\",\"status\":\"404\",\"responseTime\":\"0.815\"}","timestamp":"2024-09-29T17:05:52.842Z"}
{"level":"\u001b[32minfo\u001b[39m","message":"{\"method\":\"GET\",\"url\":\"/api/user/resend-otp\",\"status\":\"404\",\"responseTime\":\"0.735\"}","timestamp":"2024-09-29T17:05:53.019Z"}
{"level":"\u001b[32minfo\u001b[39m","message":"{\"method\":\"GET\",\"url\":\"/api/user/resend-otp\",\"status\":\"404\",\"responseTime\":\"0.190\"}","timestamp":"2024-09-29T17:05:53.193Z"}
{"level":"\u001b[32minfo\u001b[39m","message":"{\"method\":\"GET\",\"url\":\"/api/user/resend-otp\",\"status\":\"404\",\"responseTime\":\"0.188\"}","timestamp":"2024-09-29T17:06:55.154Z"}
{"level":"\u001b[32minfo\u001b[39m","message":"{\"method\":\"GET\",\"url\":\"/api/user/resend-otp\",\"status\":\"404\",\"responseTime\":\"0.169\"}","timestamp":"2024-09-29T17:06:55.322Z"}
{"level":"\u001b[32minfo\u001b[39m","message":"{\"method\":\"GET\",\"url\":\"/api/user/resend-otp\",\"status\":\"404\",\"responseTime\":\"0.906\"}","timestamp":"2024-09-29T17:06:56.547Z"}
{"level":"\u001b[32minfo\u001b[39m","message":"{\"method\":\"GET\",\"url\":\"/api/user/resend-otp\",\"status\":\"404\",\"responseTime\":\"0.729\"}","timestamp":"2024-09-29T17:06:56.714Z"}
{"level":"\u001b[32minfo\u001b[39m","message":"{\"method\":\"GET\",\"url\":\"/api/user/resend-otp\",\"status\":\"404\",\"responseTime\":\"0.231\"}","timestamp":"2024-09-29T17:07:01.995Z"}
{"level":"\u001b[32minfo\u001b[39m","message":"{\"method\":\"GET\",\"url\":\"/api/user/resend-otp\",\"status\":\"404\",\"responseTime\":\"0.186\"}","timestamp":"2024-09-29T17:07:02.169Z"}
{"level":"\u001b[32minfo\u001b[39m","message":"{\"method\":\"POST\",\"url\":\"/api/user/veryfy-otp\",\"status\":\"404\",\"responseTime\":\"0.107\"}","timestamp":"2024-09-29T17:08:03.244Z"}
{"level":"\u001b[32minfo\u001b[39m","message":"{\"method\":\"GET\",\"url\":\"/api/user/resend-otp\",\"status\":\"404\",\"responseTime\":\"0.974\"}","timestamp":"2024-09-29T17:14:06.047Z"}
{"level":"\u001b[32minfo\u001b[39m","message":"{\"method\":\"GET\",\"url\":\"/api/user/resend-otp\",\"status\":\"404\",\"responseTime\":\"0.185\"}","timestamp":"2024-09-29T17:14:06.986Z"}
{"level":"\u001b[32minfo\u001b[39m","message":"{\"method\":\"GET\",\"url\":\"/api/user/resend-otp\",\"status\":\"404\",\"responseTime\":\"0.234\"}","timestamp":"2024-09-29T17:22:47.275Z"}
{"level":"\u001b[32minfo\u001b[39m","message":"{\"method\":\"GET\",\"url\":\"/api/user/resend-otp\",\"status\":\"404\",\"responseTime\":\"0.246\"}","timestamp":"2024-09-29T17:22:52.674Z"}
{"level":"\u001b[32minfo\u001b[39m","message":"{\"method\":\"GET\",\"url\":\"/api/user/resend-otp\",\"status\":\"404\",\"responseTime\":\"0.837\"}","timestamp":"2024-09-29T17:22:53.642Z"}
{"level":"\u001b[32minfo\u001b[39m","message":"{\"method\":\"GET\",\"url\":\"/api/user/resend-otp\",\"status\":\"404\",\"responseTime\":\"0.189\"}","timestamp":"2024-09-29T17:24:46.515Z"}
{"level":"\u001b[32minfo\u001b[39m","message":"{\"method\":\"POST\",\"url\":\"/api/user/veryfy-otp\",\"status\":\"404\",\"responseTime\":\"0.114\"}","timestamp":"2024-09-29T17:26:16.164Z"}
{"level":"\u001b[32minfo\u001b[39m","message":"{\"method\":\"POST\",\"url\":\"/api/user/veryfy-otp\",\"status\":\"404\",\"responseTime\":\"0.132\"}","timestamp":"2024-09-29T17:26:27.456Z"}
{"level":"\u001b[32minfo\u001b[39m","message":"{\"method\":\"POST\",\"url\":\"/api/user/registration\",\"status\":\"500\",\"responseTime\":\"890.944\"}","timestamp":"2024-09-29T19:04:21.410Z"}
{"level":"\u001b[32minfo\u001b[39m","message":"{\"method\":\"POST\",\"url\":\"/api/user/registration\",\"status\":\"500\",\"responseTime\":\"561.616\"}","timestamp":"2024-09-29T19:08:57.573Z"}
{"level":"\u001b[32minfo\u001b[39m","message":"{\"method\":\"POST\",\"url\":\"/api/user/registration\",\"status\":\"500\",\"responseTime\":\"830.221\"}","timestamp":"2024-09-29T19:09:36.224Z"}
{"level":"\u001b[32minfo\u001b[39m","message":"{\"method\":\"POST\",\"url\":\"/api/user/registration\",\"status\":\"200\",\"responseTime\":\"848.935\"}","timestamp":"2024-09-29T19:20:05.442Z"}
{"level":"\u001b[32minfo\u001b[39m","message":"{\"method\":\"POST\",\"url\":\"/api/user/registration\",\"status\":\"200\",\"responseTime\":\"1483.720\"}","timestamp":"2024-09-29T19:23:19.098Z"}
{"level":"\u001b[32minfo\u001b[39m","message":"{\"method\":\"POST\",\"url\":\"/api/user/registration\",\"status\":\"200\",\"responseTime\":\"829.231\"}","timestamp":"2024-09-29T19:25:42.334Z"}
{"level":"\u001b[32minfo\u001b[39m","message":"{\"method\":\"POST\",\"url\":\"/api/user/registration\",\"status\":\"200\",\"responseTime\":\"1480.014\"}","timestamp":"2024-09-29T19:27:17.310Z"}
{"level":"\u001b[32minfo\u001b[39m","message":"{\"method\":\"POST\",\"url\":\"/api/user/registration\",\"status\":\"200\",\"responseTime\":\"1369.080\"}","timestamp":"2024-09-29T19:28:08.333Z"}
{"level":"\u001b[32minfo\u001b[39m","message":"{\"method\":\"POST\",\"url\":\"/api/user/registration\",\"status\":\"200\",\"responseTime\":\"1124.897\"}","timestamp":"2024-09-29T19:31:35.160Z"}
{"level":"\u001b[32minfo\u001b[39m","message":"{\"method\":\"POST\",\"url\":\"/api/user/registration\",\"status\":\"200\",\"responseTime\":\"1630.611\"}","timestamp":"2024-09-29T19:32:57.482Z"}
{"level":"\u001b[32minfo\u001b[39m","message":"{\"method\":\"POST\",\"url\":\"/api/user/registration\",\"status\":\"200\",\"responseTime\":\"1474.214\"}","timestamp":"2024-09-29T19:34:29.769Z"}
{"level":"\u001b[32minfo\u001b[39m","message":"{\"method\":\"POST\",\"url\":\"/api/user/registration\",\"status\":\"200\",\"responseTime\":\"1136.409\"}","timestamp":"2024-09-29T19:36:55.824Z"}
{"level":"\u001b[32minfo\u001b[39m","message":"{\"method\":\"POST\",\"url\":\"/api/user/registration\",\"status\":\"200\",\"responseTime\":\"1892.732\"}","timestamp":"2024-09-29T19:41:42.486Z"}
{"level":"\u001b[32minfo\u001b[39m","message":"{\"method\":\"POST\",\"url\":\"/api/user/registration\",\"status\":\"200\",\"responseTime\":\"930.953\"}","timestamp":"2024-09-29T19:44:09.876Z"}
{"level":"\u001b[32minfo\u001b[39m","message":"{\"method\":\"POST\",\"url\":\"/api/user/registration\",\"status\":\"200\",\"responseTime\":\"1108.081\"}","timestamp":"2024-09-29T19:49:15.834Z"}
{"level":"\u001b[32minfo\u001b[39m","message":"{\"method\":\"POST\",\"url\":\"/api/user/registration\",\"status\":\"200\",\"responseTime\":\"3127.593\"}","timestamp":"2024-09-29T19:59:33.858Z"}
{"level":"\u001b[32minfo\u001b[39m","message":"{\"method\":\"POST\",\"url\":\"/api/user/veryfy-otp\",\"status\":\"404\",\"responseTime\":\"1.362\"}","timestamp":"2024-09-29T19:59:48.294Z"}
{"level":"\u001b[32minfo\u001b[39m","message":"{\"method\":\"POST\",\"url\":\"/api/user/registration\",\"status\":\"200\",\"responseTime\":\"2487.079\"}","timestamp":"2024-09-29T20:06:02.563Z"}
{"level":"\u001b[32minfo\u001b[39m","message":"{\"method\":\"POST\",\"url\":\"/api/user/veryfy-otp\",\"status\":\"500\",\"responseTime\":\"74.301\"}","timestamp":"2024-09-29T20:06:28.844Z"}
{"level":"\u001b[32minfo\u001b[39m","message":"{\"method\":\"POST\",\"url\":\"/api/user/veryfy-otp\",\"status\":\"400\",\"responseTime\":\"4.341\"}","timestamp":"2024-09-29T20:08:51.693Z"}
{"level":"\u001b[32minfo\u001b[39m","message":"{\"method\":\"POST\",\"url\":\"/api/user/veryfy-otp\",\"status\":\"400\",\"responseTime\":\"0.699\"}","timestamp":"2024-09-29T20:09:03.373Z"}
{"level":"\u001b[32minfo\u001b[39m","message":"{\"method\":\"POST\",\"url\":\"/api/user/registration\",\"status\":\"400\",\"responseTime\":\"44.327\"}","timestamp":"2024-09-29T20:09:39.351Z"}
{"level":"\u001b[32minfo\u001b[39m","message":"{\"method\":\"POST\",\"url\":\"/api/user/registration\",\"status\":\"200\",\"responseTime\":\"2325.688\"}","timestamp":"2024-09-29T20:14:51.801Z"}
{"level":"\u001b[32minfo\u001b[39m","message":"{\"method\":\"POST\",\"url\":\"/api/user/veryfy-otp\",\"status\":\"400\",\"responseTime\":\"1.154\"}","timestamp":"2024-09-29T20:15:17.227Z"}
{"level":"\u001b[32minfo\u001b[39m","message":"{\"method\":\"POST\",\"url\":\"/api/user/registration\",\"status\":\"200\",\"responseTime\":\"2341.441\"}","timestamp":"2024-09-29T20:22:40.131Z"}
{"level":"\u001b[32minfo\u001b[39m","message":"{\"method\":\"POST\",\"url\":\"/api/user/veryfy-otp\",\"status\":\"500\",\"responseTime\":\"80.408\"}","timestamp":"2024-09-29T20:23:31.641Z"}
{"level":"\u001b[32minfo\u001b[39m","message":"{\"method\":\"POST\",\"url\":\"/api/user/registration\",\"status\":\"400\",\"responseTime\":\"46.518\"}","timestamp":"2024-09-29T20:25:29.687Z"}
{"level":"\u001b[32minfo\u001b[39m","message":"{\"method\":\"POST\",\"url\":\"/api/user/registration\",\"status\":\"200\",\"responseTime\":\"3225.796\"}","timestamp":"2024-09-29T20:31:15.052Z"}
{"level":"\u001b[32minfo\u001b[39m","message":"{\"method\":\"POST\",\"url\":\"/api/user/veryfy-otp\",\"status\":\"500\",\"responseTime\":\"102.243\"}","timestamp":"2024-09-29T20:31:43.846Z"}
{"level":"\u001b[32minfo\u001b[39m","message":"{\"method\":\"POST\",\"url\":\"/api/user/registration\",\"status\":\"400\",\"responseTime\":\"43.963\"}","timestamp":"2024-09-30T02:35:42.368Z"}
{"level":"\u001b[32minfo\u001b[39m","message":"{\"method\":\"POST\",\"url\":\"/api/user/registration\",\"status\":\"200\",\"responseTime\":\"3884.541\"}","timestamp":"2024-09-30T03:05:38.672Z"}
{"level":"\u001b[32minfo\u001b[39m","message":"{\"method\":\"POST\",\"url\":\"/api/user/veryfy-otp\",\"status\":\"400\",\"responseTime\":\"5.037\"}","timestamp":"2024-09-30T03:05:57.750Z"}
{"level":"\u001b[32minfo\u001b[39m","message":"{\"method\":\"POST\",\"url\":\"/api/user/registration\",\"status\":\"200\",\"responseTime\":\"2426.302\"}","timestamp":"2024-09-30T03:09:12.073Z"}
{"level":"\u001b[32minfo\u001b[39m","message":"{\"method\":\"POST\",\"url\":\"/api/user/veryfy-otp\",\"status\":\"500\",\"responseTime\":\"76.401\"}","timestamp":"2024-09-30T03:09:30.733Z"}
{"level":"\u001b[32minfo\u001b[39m","message":"{\"method\":\"POST\",\"url\":\"/api/user/registration\",\"status\":\"200\",\"responseTime\":\"2440.449\"}","timestamp":"2024-09-30T03:21:17.584Z"}
{"level":"\u001b[32minfo\u001b[39m","message":"{\"method\":\"POST\",\"url\":\"/api/user/veryfy-otp\",\"status\":\"500\",\"responseTime\":\"88.141\"}","timestamp":"2024-09-30T03:21:41.018Z"}
{"level":"\u001b[32minfo\u001b[39m","message":"{\"method\":\"POST\",\"url\":\"/api/user/registration\",\"status\":\"200\",\"responseTime\":\"2334.680\"}","timestamp":"2024-09-30T03:28:22.098Z"}
{"level":"\u001b[32minfo\u001b[39m","message":"{\"method\":\"POST\",\"url\":\"/api/user/veryfy-otp\",\"status\":\"500\",\"responseTime\":\"89.691\"}","timestamp":"2024-09-30T03:28:38.537Z"}
{"level":"\u001b[32minfo\u001b[39m","message":"{\"method\":\"POST\",\"url\":\"/api/user/registration\",\"status\":\"200\",\"responseTime\":\"2302.937\"}","timestamp":"2024-09-30T03:31:22.163Z"}
{"level":"\u001b[32minfo\u001b[39m","message":"{\"method\":\"POST\",\"url\":\"/api/user/veryfy-otp\",\"status\":\"500\",\"responseTime\":\"77.463\"}","timestamp":"2024-09-30T03:31:34.636Z"}
{"level":"\u001b[32minfo\u001b[39m","message":"{\"method\":\"POST\",\"url\":\"/api/user/registration\",\"status\":\"200\",\"responseTime\":\"3077.113\"}","timestamp":"2024-09-30T03:38:01.283Z"}
{"level":"\u001b[32minfo\u001b[39m","message":"{\"method\":\"POST\",\"url\":\"/api/user/veryfy-otp\",\"status\":\"200\",\"responseTime\":\"73.537\"}","timestamp":"2024-09-30T03:38:15.432Z"}
{"level":"\u001b[32minfo\u001b[39m","message":"{\"method\":\"GET\",\"url\":\"/api/user/logout\",\"status\":\"304\",\"responseTime\":\"4.876\"}","timestamp":"2024-09-30T03:39:31.319Z"}
{"level":"\u001b[32minfo\u001b[39m","message":"{\"method\":\"POST\",\"url\":\"/api/user/login\",\"status\":\"200\",\"responseTime\":\"64.810\"}","timestamp":"2024-09-30T03:39:49.704Z"}
{"level":"\u001b[32minfo\u001b[39m","message":"{\"method\":\"GET\",\"url\":\"/api/user/logout\",\"status\":\"304\",\"responseTime\":\"0.885\"}","timestamp":"2024-09-30T03:39:55.149Z"}
{"level":"\u001b[32minfo\u001b[39m","message":"{\"method\":\"POST\",\"url\":\"/api/mech/signup\",\"status\":\"200\",\"responseTime\":\"2639.151\"}","timestamp":"2024-09-30T04:30:51.318Z"}
{"level":"\u001b[32minfo\u001b[39m","message":"{\"method\":\"POST\",\"url\":\"/api/mech/veryfy-otp\",\"status\":\"500\",\"responseTime\":\"16.357\"}","timestamp":"2024-09-30T04:31:05.347Z"}
{"level":"\u001b[32minfo\u001b[39m","message":"{\"method\":\"POST\",\"url\":\"/api/mech/signup\",\"status\":\"200\",\"responseTime\":\"3581.038\"}","timestamp":"2024-09-30T04:39:23.863Z"}
{"level":"\u001b[32minfo\u001b[39m","message":"{\"method\":\"POST\",\"url\":\"/api/mech/veryfy-otp\",\"status\":\"500\",\"responseTime\":\"7.573\"}","timestamp":"2024-09-30T04:39:36.010Z"}
{"level":"\u001b[32minfo\u001b[39m","message":"{\"method\":\"POST\",\"url\":\"/api/mech/signup\",\"status\":\"200\",\"responseTime\":\"2407.273\"}","timestamp":"2024-09-30T05:39:48.885Z"}
{"level":"\u001b[32minfo\u001b[39m","message":"{\"method\":\"POST\",\"url\":\"/api/mech/veryfy-otp\",\"status\":\"500\",\"responseTime\":\"7.393\"}","timestamp":"2024-09-30T05:40:07.196Z"}
{"level":"\u001b[32minfo\u001b[39m","message":"{\"method\":\"POST\",\"url\":\"/api/mech/signup\",\"status\":\"200\",\"responseTime\":\"2366.706\"}","timestamp":"2024-09-30T05:45:45.074Z"}
{"level":"\u001b[32minfo\u001b[39m","message":"{\"method\":\"POST\",\"url\":\"/api/mech/veryfy-otp\",\"status\":\"500\",\"responseTime\":\"10.477\"}","timestamp":"2024-09-30T05:46:01.577Z"}
{"level":"\u001b[32minfo\u001b[39m","message":"{\"method\":\"POST\",\"url\":\"/api/mech/signup\",\"status\":\"200\",\"responseTime\":\"2362.320\"}","timestamp":"2024-09-30T05:51:25.189Z"}
{"level":"\u001b[32minfo\u001b[39m","message":"{\"method\":\"POST\",\"url\":\"/api/mech/veryfy-otp\",\"status\":\"200\",\"responseTime\":\"72.169\"}","timestamp":"2024-09-30T05:51:44.230Z"}
{"level":"\u001b[32minfo\u001b[39m","message":"{\"method\":\"POST\",\"url\":\"/api/user/forgot-password\",\"status\":\"404\",\"responseTime\":\"15.264\"}","timestamp":"2024-09-30T07:27:03.399Z"}
{"level":"\u001b[32minfo\u001b[39m","message":"{\"method\":\"POST\",\"url\":\"/api/user/forgot-password\",\"status\":\"404\",\"responseTime\":\"0.904\"}","timestamp":"2024-09-30T07:28:59.083Z"}
{"level":"\u001b[32minfo\u001b[39m","message":"{\"method\":\"GET\",\"url\":\"/api/mech/logout\",\"status\":\"304\",\"responseTime\":\"15.087\"}","timestamp":"2024-09-30T07:44:47.627Z"}
{"level":"\u001b[32minfo\u001b[39m","message":"{\"method\":\"POST\",\"url\":\"/api/user/forgot-password\",\"status\":\"404\",\"responseTime\":\"1.970\"}","timestamp":"2024-09-30T07:45:08.286Z"}
{"level":"\u001b[32minfo\u001b[39m","message":"{\"method\":\"POST\",\"url\":\"/api/user/forgot-password\",\"status\":\"400\",\"responseTime\":\"49.080\"}","timestamp":"2024-09-30T07:48:54.331Z"}
{"level":"\u001b[32minfo\u001b[39m","message":"{\"method\":\"POST\",\"url\":\"/api/user/forgot-password\",\"status\":\"200\",\"responseTime\":\"3360.237\"}","timestamp":"2024-09-30T07:49:50.990Z"}
{"level":"\u001b[32minfo\u001b[39m","message":"{\"method\":\"POST\",\"url\":\"/api/user/verify-forgot-otp\",\"status\":\"200\",\"responseTime\":\"0.696\"}","timestamp":"2024-09-30T07:50:17.012Z"}
{"level":"\u001b[32minfo\u001b[39m","message":"{\"method\":\"PUT\",\"url\":\"/api/user/update-newpassword\",\"status\":\"200\",\"responseTime\":\"100.909\"}","timestamp":"2024-09-30T07:50:37.115Z"}
{"level":"\u001b[32minfo\u001b[39m","message":"{\"method\":\"POST\",\"url\":\"/api/user/login\",\"status\":\"401\",\"responseTime\":\"68.270\"}","timestamp":"2024-09-30T07:51:28.010Z"}
{"level":"\u001b[32minfo\u001b[39m","message":"{\"method\":\"POST\",\"url\":\"/api/user/login\",\"status\":\"401\",\"responseTime\":\"51.904\"}","timestamp":"2024-09-30T07:51:36.344Z"}
{"level":"\u001b[32minfo\u001b[39m","message":"{\"method\":\"POST\",\"url\":\"/api/user/login\",\"status\":\"401\",\"responseTime\":\"52.558\"}","timestamp":"2024-09-30T07:51:49.086Z"}
{"level":"\u001b[32minfo\u001b[39m","message":"{\"method\":\"POST\",\"url\":\"/api/user/registration\",\"status\":\"200\",\"responseTime\":\"3128.380\"}","timestamp":"2024-09-30T07:55:15.975Z"}
{"level":"\u001b[32minfo\u001b[39m","message":"{\"method\":\"POST\",\"url\":\"/api/user/veryfy-otp\",\"status\":\"200\",\"responseTime\":\"77.584\"}","timestamp":"2024-09-30T07:55:29.162Z"}
{"level":"\u001b[32minfo\u001b[39m","message":"{\"method\":\"GET\",\"url\":\"/api/user/logout\",\"status\":\"304\",\"responseTime\":\"1.052\"}","timestamp":"2024-09-30T07:55:34.058Z"}
{"level":"\u001b[32minfo\u001b[39m","message":"{\"method\":\"POST\",\"url\":\"/api/user/forgot-password\",\"status\":\"200\",\"responseTime\":\"2091.194\"}","timestamp":"2024-09-30T07:55:47.578Z"}
{"level":"\u001b[32minfo\u001b[39m","message":"{\"method\":\"POST\",\"url\":\"/api/user/verify-forgot-otp\",\"status\":\"200\",\"responseTime\":\"0.522\"}","timestamp":"2024-09-30T07:55:59.906Z"}
{"level":"\u001b[32minfo\u001b[39m","message":"{\"method\":\"POST\",\"url\":\"/api/user/verify-forgot-otp\",\"status\":\"200\",\"responseTime\":\"0.447\"}","timestamp":"2024-09-30T07:56:05.131Z"}
{"level":"\u001b[32minfo\u001b[39m","message":"{\"method\":\"POST\",\"url\":\"/api/user/verify-forgot-otp\",\"status\":\"200\",\"responseTime\":\"1.918\"}","timestamp":"2024-09-30T07:59:01.720Z"}
{"level":"\u001b[32minfo\u001b[39m","message":"{\"method\":\"POST\",\"url\":\"/api/user/forgot-password\",\"status\":\"400\",\"responseTime\":\"10026.950\"}","timestamp":"2024-09-30T08:20:43.574Z"}
{"level":"\u001b[32minfo\u001b[39m","message":"{\"method\":\"POST\",\"url\":\"/api/user/forgot-password\",\"status\":\"400\",\"responseTime\":\"10005.736\"}","timestamp":"2024-09-30T08:21:43.512Z"}
{"level":"\u001b[32minfo\u001b[39m","message":"{\"method\":\"POST\",\"url\":\"/api/user/forgot-password\",\"status\":\"400\",\"responseTime\":\"10014.724\"}","timestamp":"2024-09-30T08:22:40.031Z"}
{"level":"\u001b[32minfo\u001b[39m","message":"{\"method\":\"POST\",\"url\":\"/api/user/forgot-password\",\"status\":\"200\",\"responseTime\":\"3528.544\"}","timestamp":"2024-09-30T08:23:17.962Z"}
{"level":"\u001b[32minfo\u001b[39m","message":"{\"method\":\"POST\",\"url\":\"/api/user/verify-forgot-otp\",\"status\":\"200\",\"responseTime\":\"1.282\"}","timestamp":"2024-09-30T08:23:43.694Z"}
{"level":"\u001b[32minfo\u001b[39m","message":"{\"method\":\"PUT\",\"url\":\"/api/user/update-newpassword\",\"status\":\"200\",\"responseTime\":\"303.758\"}","timestamp":"2024-09-30T08:24:05.008Z"}
{"level":"\u001b[32minfo\u001b[39m","message":"{\"method\":\"POST\",\"url\":\"/api/user/login\",\"status\":\"200\",\"responseTime\":\"171.477\"}","timestamp":"2024-09-30T08:24:20.540Z"}
{"level":"\u001b[32minfo\u001b[39m","message":"{\"method\":\"GET\",\"url\":\"/api/user/logout\",\"status\":\"304\",\"responseTime\":\"4.112\"}","timestamp":"2024-09-30T08:27:58.650Z"}
{"level":"\u001b[32minfo\u001b[39m","message":"{\"method\":\"POST\",\"url\":\"/api/user/forgot-password\",\"status\":\"200\",\"responseTime\":\"2577.626\"}","timestamp":"2024-09-30T08:28:17.842Z"}
{"level":"\u001b[32minfo\u001b[39m","message":"{\"method\":\"POST\",\"url\":\"/api/user/verify-forgot-otp\",\"status\":\"200\",\"responseTime\":\"0.306\"}","timestamp":"2024-09-30T08:28:32.408Z"}
{"level":"\u001b[32minfo\u001b[39m","message":"{\"method\":\"PUT\",\"url\":\"/api/user/update-newpassword\",\"status\":\"200\",\"responseTime\":\"312.594\"}","timestamp":"2024-09-30T08:28:51.345Z"}
{"level":"\u001b[32minfo\u001b[39m","message":"{\"method\":\"POST\",\"url\":\"/api/user/login\",\"status\":\"200\",\"responseTime\":\"190.889\"}","timestamp":"2024-09-30T08:29:04.437Z"}
{"level":"\u001b[32minfo\u001b[39m","message":"{\"method\":\"GET\",\"url\":\"/api/user/logout\",\"status\":\"304\",\"responseTime\":\"4.706\"}","timestamp":"2024-09-30T08:29:07.324Z"}
{"level":"\u001b[32minfo\u001b[39m","message":"{\"method\":\"POST\",\"url\":\"/api/user/forgot-password\",\"status\":\"200\",\"responseTime\":\"2472.397\"}","timestamp":"2024-09-30T08:30:42.111Z"}
{"level":"\u001b[32minfo\u001b[39m","message":"{\"method\":\"POST\",\"url\":\"/api/user/forgot-password\",\"status\":\"200\",\"responseTime\":\"2910.092\"}","timestamp":"2024-09-30T08:32:41.074Z"}
{"level":"\u001b[32minfo\u001b[39m","message":"{\"method\":\"POST\",\"url\":\"/api/user/verify-forgot-otp\",\"status\":\"200\",\"responseTime\":\"0.517\"}","timestamp":"2024-09-30T08:32:53.359Z"}
{"level":"\u001b[32minfo\u001b[39m","message":"{\"method\":\"PUT\",\"url\":\"/api/user/update-newpassword\",\"status\":\"200\",\"responseTime\":\"363.597\"}","timestamp":"2024-09-30T08:33:05.036Z"}
{"level":"\u001b[32minfo\u001b[39m","message":"{\"method\":\"POST\",\"url\":\"/api/user/login\",\"status\":\"401\",\"responseTime\":\"141.393\"}","timestamp":"2024-09-30T08:33:24.231Z"}
{"level":"\u001b[32minfo\u001b[39m","message":"{\"method\":\"POST\",\"url\":\"/api/user/login\",\"status\":\"401\",\"responseTime\":\"147.782\"}","timestamp":"2024-09-30T08:33:30.811Z"}
{"level":"\u001b[32minfo\u001b[39m","message":"{\"method\":\"POST\",\"url\":\"/api/user/login\",\"status\":\"401\",\"responseTime\":\"185.372\"}","timestamp":"2024-09-30T08:33:37.288Z"}
{"level":"\u001b[32minfo\u001b[39m","message":"{\"method\":\"POST\",\"url\":\"/api/user/forgot-password\",\"status\":\"200\",\"responseTime\":\"2616.501\"}","timestamp":"2024-09-30T08:33:50.023Z"}
{"level":"\u001b[32minfo\u001b[39m","message":"{\"method\":\"POST\",\"url\":\"/api/user/verify-forgot-otp\",\"status\":\"200\",\"responseTime\":\"0.246\"}","timestamp":"2024-09-30T08:34:01.367Z"}
{"level":"\u001b[32minfo\u001b[39m","message":"{\"method\":\"PUT\",\"url\":\"/api/user/update-newpassword\",\"status\":\"200\",\"responseTime\":\"329.318\"}","timestamp":"2024-09-30T08:34:15.601Z"}
{"level":"\u001b[32minfo\u001b[39m","message":"{\"method\":\"POST\",\"url\":\"/api/user/login\",\"status\":\"200\",\"responseTime\":\"162.329\"}","timestamp":"2024-09-30T08:34:27.335Z"}
{"level":"\u001b[32minfo\u001b[39m","message":"{\"method\":\"GET\",\"url\":\"/api/user/logout\",\"status\":\"304\",\"responseTime\":\"0.557\"}","timestamp":"2024-09-30T08:34:33.149Z"}
{"level":"\u001b[32minfo\u001b[39m","message":"{\"method\":\"POST\",\"url\":\"/api/user/login\",\"status\":\"401\",\"responseTime\":\"10098.938\"}","timestamp":"2024-09-30T15:36:16.723Z"}
{"level":"\u001b[32minfo\u001b[39m","message":"{\"method\":\"POST\",\"url\":\"/api/user/login\",\"status\":\"401\",\"responseTime\":\"10087.034\"}","timestamp":"2024-09-30T15:36:18.942Z"}
{"level":"\u001b[32minfo\u001b[39m","message":"{\"method\":\"POST\",\"url\":\"/api/user/login\",\"status\":\"401\",\"responseTime\":\"10008.596\"}","timestamp":"2024-09-30T15:37:27.785Z"}
{"level":"\u001b[32minfo\u001b[39m","message":"{\"method\":\"POST\",\"url\":\"/api/user/login\",\"status\":\"401\",\"responseTime\":\"10011.464\"}","timestamp":"2024-09-30T15:37:45.108Z"}
{"level":"\u001b[32minfo\u001b[39m","message":"{\"method\":\"POST\",\"url\":\"/api/user/forgot-password\",\"status\":\"400\",\"responseTime\":\"10008.248\"}","timestamp":"2024-09-30T15:38:07.868Z"}
{"level":"\u001b[32minfo\u001b[39m","message":"{\"method\":\"POST\",\"url\":\"/api/user/login\",\"status\":\"401\",\"responseTime\":\"111.421\"}","timestamp":"2024-09-30T16:02:29.402Z"}
{"level":"\u001b[32minfo\u001b[39m","message":"{\"method\":\"POST\",\"url\":\"/api/user/login\",\"status\":\"200\",\"responseTime\":\"55.375\"}","timestamp":"2024-09-30T16:02:44.262Z"}
{"level":"\u001b[32minfo\u001b[39m","message":"{\"method\":\"GET\",\"url\":\"/api/user/logout\",\"status\":\"304\",\"responseTime\":\"5.575\"}","timestamp":"2024-09-30T18:04:15.251Z"}
{"level":"\u001b[32minfo\u001b[39m","message":"{\"method\":\"POST\",\"url\":\"/api/user/login\",\"status\":\"200\",\"responseTime\":\"60.178\"}","timestamp":"2024-09-30T18:04:58.870Z"}
{"level":"\u001b[32minfo\u001b[39m","message":"{\"method\":\"GET\",\"url\":\"/api/user/logout\",\"status\":\"304\",\"responseTime\":\"0.567\"}","timestamp":"2024-09-30T18:05:03.626Z"}
{"level":"\u001b[32minfo\u001b[39m","message":"{\"method\":\"POST\",\"url\":\"/api/mech/login\",\"status\":\"200\",\"responseTime\":\"50.084\"}","timestamp":"2024-09-30T18:05:24.982Z"}
{"level":"\u001b[32minfo\u001b[39m","message":"{\"method\":\"GET\",\"url\":\"/api/mech/logout\",\"status\":\"304\",\"responseTime\":\"0.831\"}","timestamp":"2024-09-30T18:05:28.756Z"}
{"level":"\u001b[32minfo\u001b[39m","message":"{\"method\":\"POST\",\"url\":\"/api/admin/login\",\"status\":\"401\",\"responseTime\":\"49.570\"}","timestamp":"2024-09-30T18:05:51.683Z"}
{"level":"\u001b[32minfo\u001b[39m","message":"{\"method\":\"POST\",\"url\":\"/api/admin/login\",\"status\":\"401\",\"responseTime\":\"43.534\"}","timestamp":"2024-09-30T18:06:03.487Z"}
